Classic Timing Analyzer report for registrador
Tue Jul 19 18:04:37 2022
Quartus II Version 9.0 Build 235 06/17/2009 Service Pack 2 SJ Web Edition


---------------------
; Table of Contents ;
---------------------
  1. Legal Notice
  2. Timing Analyzer Summary
  3. Timing Analyzer Settings
  4. Clock Settings Summary
  5. Parallel Compilation
  6. Clock Setup: 'clock'
  7. tsu
  8. tco
  9. th
 10. Timing Analyzer Messages



----------------
; Legal Notice ;
----------------
Copyright (C) 1991-2009 Altera Corporation
Your use of Altera Corporation's design tools, logic functions 
and other software and tools, and its AMPP partner logic 
functions, and any output files from any of the foregoing 
(including device programming or simulation files), and any 
associated documentation or information are expressly subject 
to the terms and conditions of the Altera Program License 
Subscription Agreement, Altera MegaCore Function License 
Agreement, or other applicable license agreement, including, 
without limitation, that your use is for the sole purpose of 
programming logic devices manufactured by Altera and sold by 
Altera or its authorized distributors.  Please refer to the 
applicable agreement for further details.



+--------------------------------------------------------------------------------------------------------------------------------------------------------------------+
; Timing Analyzer Summary                                                                                                                                            ;
+------------------------------+-------+---------------+----------------------------------+-----------------+-----------------+------------+----------+--------------+
; Type                         ; Slack ; Required Time ; Actual Time                      ; From            ; To              ; From Clock ; To Clock ; Failed Paths ;
+------------------------------+-------+---------------+----------------------------------+-----------------+-----------------+------------+----------+--------------+
; Worst-case tsu               ; N/A   ; None          ; 14.400 ns                        ; ALUCtrl[0]      ; Register:A|q[0] ; --         ; clock    ; 0            ;
; Worst-case tco               ; N/A   ; None          ; 14.100 ns                        ; Register:A|q[3] ; result[3]       ; clock      ; --       ; 0            ;
; Worst-case th                ; N/A   ; None          ; 0.400 ns                         ; ALUCtrl[2]      ; Register:A|q[3] ; --         ; clock    ; 0            ;
; Clock Setup: 'clock'         ; N/A   ; None          ; 44.25 MHz ( period = 22.600 ns ) ; Register:A|q[1] ; Register:A|q[0] ; clock      ; clock    ; 0            ;
; Total number of failed paths ;       ;               ;                                  ;                 ;                 ;            ;          ; 0            ;
+------------------------------+-------+---------------+----------------------------------+-----------------+-----------------+------------+----------+--------------+


+--------------------------------------------------------------------------------------------------------------------+
; Timing Analyzer Settings                                                                                           ;
+---------------------------------------------------------------------+--------------------+------+----+-------------+
; Option                                                              ; Setting            ; From ; To ; Entity Name ;
+---------------------------------------------------------------------+--------------------+------+----+-------------+
; Device Name                                                         ; EPF10K20RC240-4    ;      ;    ;             ;
; Timing Models                                                       ; Final              ;      ;    ;             ;
; Default hold multicycle                                             ; Same as Multicycle ;      ;    ;             ;
; Cut paths between unrelated clock domains                           ; On                 ;      ;    ;             ;
; Cut off read during write signal paths                              ; On                 ;      ;    ;             ;
; Cut off feedback from I/O pins                                      ; On                 ;      ;    ;             ;
; Report Combined Fast/Slow Timing                                    ; Off                ;      ;    ;             ;
; Ignore Clock Settings                                               ; Off                ;      ;    ;             ;
; Analyze latches as synchronous elements                             ; On                 ;      ;    ;             ;
; Enable Recovery/Removal analysis                                    ; Off                ;      ;    ;             ;
; Enable Clock Latency                                                ; Off                ;      ;    ;             ;
; Use TimeQuest Timing Analyzer                                       ; Off                ;      ;    ;             ;
; Minimum Core Junction Temperature                                   ; 0                  ;      ;    ;             ;
; Maximum Core Junction Temperature                                   ; 85                 ;      ;    ;             ;
; Number of source nodes to report per destination node               ; 10                 ;      ;    ;             ;
; Number of destination nodes to report                               ; 10                 ;      ;    ;             ;
; Number of paths to report                                           ; 200                ;      ;    ;             ;
; Report Minimum Timing Checks                                        ; Off                ;      ;    ;             ;
; Use Fast Timing Models                                              ; Off                ;      ;    ;             ;
; Report IO Paths Separately                                          ; Off                ;      ;    ;             ;
; Perform Multicorner Analysis                                        ; Off                ;      ;    ;             ;
; Reports the worst-case path for each clock domain and analysis      ; Off                ;      ;    ;             ;
; Removes common clock path pessimism (CCPP) during slack computation ; Off                ;      ;    ;             ;
; Output I/O Timing Endpoint                                          ; Near End           ;      ;    ;             ;
+---------------------------------------------------------------------+--------------------+------+----+-------------+


+------------------------------------------------------------------------------------------------------------------------------------------------------------------------------------+
; Clock Settings Summary                                                                                                                                                             ;
+-----------------+--------------------+----------+------------------+---------------+--------------+----------+-----------------------+---------------------+--------+--------------+
; Clock Node Name ; Clock Setting Name ; Type     ; Fmax Requirement ; Early Latency ; Late Latency ; Based on ; Multiply Base Fmax by ; Divide Base Fmax by ; Offset ; Phase offset ;
+-----------------+--------------------+----------+------------------+---------------+--------------+----------+-----------------------+---------------------+--------+--------------+
; clock           ;                    ; User Pin ; None             ; 0.000 ns      ; 0.000 ns     ; --       ; N/A                   ; N/A                 ; N/A    ;              ;
+-----------------+--------------------+----------+------------------+---------------+--------------+----------+-----------------------+---------------------+--------+--------------+


Parallel compilation was disabled, but you have multiple processors available. Enable parallel compilation to reduce compilation time.
+-------------------------------------+
; Parallel Compilation                ;
+----------------------------+--------+
; Processors                 ; Number ;
+----------------------------+--------+
; Number detected on machine ; 2      ;
; Maximum allowed            ; 1      ;
+----------------------------+--------+


+------------------------------------------------------------------------------------------------------------------------------------------------------------------------------------------+
; Clock Setup: 'clock'                                                                                                                                                                     ;
+-------+----------------------------------+-----------------+-----------------+------------+----------+-----------------------------+---------------------------+-------------------------+
; Slack ; Actual fmax (period)             ; From            ; To              ; From Clock ; To Clock ; Required Setup Relationship ; Required Longest P2P Time ; Actual Longest P2P Time ;
+-------+----------------------------------+-----------------+-----------------+------------+----------+-----------------------------+---------------------------+-------------------------+
; N/A   ; 44.25 MHz ( period = 22.600 ns ) ; Register:A|q[1] ; Register:A|q[0] ; clock      ; clock    ; None                        ; None                      ; 19.000 ns               ;
; N/A   ; 44.64 MHz ( period = 22.400 ns ) ; Register:A|q[0] ; Register:A|q[0] ; clock      ; clock    ; None                        ; None                      ; 18.800 ns               ;
; N/A   ; 45.87 MHz ( period = 21.800 ns ) ; Register:A|q[3] ; Register:A|q[0] ; clock      ; clock    ; None                        ; None                      ; 18.200 ns               ;
; N/A   ; 48.31 MHz ( period = 20.700 ns ) ; Register:A|q[2] ; Register:A|q[0] ; clock      ; clock    ; None                        ; None                      ; 17.100 ns               ;
; N/A   ; 48.31 MHz ( period = 20.700 ns ) ; Register:B|q[2] ; Register:A|q[0] ; clock      ; clock    ; None                        ; None                      ; 17.100 ns               ;
; N/A   ; 48.31 MHz ( period = 20.700 ns ) ; Register:B|q[3] ; Register:A|q[0] ; clock      ; clock    ; None                        ; None                      ; 17.100 ns               ;
; N/A   ; 48.31 MHz ( period = 20.700 ns ) ; Register:B|q[0] ; Register:A|q[0] ; clock      ; clock    ; None                        ; None                      ; 17.100 ns               ;
; N/A   ; 49.50 MHz ( period = 20.200 ns ) ; Register:B|q[1] ; Register:A|q[0] ; clock      ; clock    ; None                        ; None                      ; 16.600 ns               ;
; N/A   ; 60.61 MHz ( period = 16.500 ns ) ; Register:A|q[0] ; Register:A|q[2] ; clock      ; clock    ; None                        ; None                      ; 12.900 ns               ;
; N/A   ; 60.98 MHz ( period = 16.400 ns ) ; Register:A|q[0] ; Register:A|q[1] ; clock      ; clock    ; None                        ; None                      ; 12.800 ns               ;
; N/A   ; 60.98 MHz ( period = 16.400 ns ) ; Register:A|q[1] ; Register:A|q[1] ; clock      ; clock    ; None                        ; None                      ; 12.800 ns               ;
; N/A   ; 60.98 MHz ( period = 16.400 ns ) ; Register:A|q[1] ; Register:A|q[2] ; clock      ; clock    ; None                        ; None                      ; 12.800 ns               ;
; N/A   ; 61.35 MHz ( period = 16.300 ns ) ; Register:B|q[1] ; Register:A|q[1] ; clock      ; clock    ; None                        ; None                      ; 12.700 ns               ;
; N/A   ; 61.35 MHz ( period = 16.300 ns ) ; Register:B|q[0] ; Register:A|q[1] ; clock      ; clock    ; None                        ; None                      ; 12.700 ns               ;
; N/A   ; 62.50 MHz ( period = 16.000 ns ) ; Register:A|q[2] ; Register:A|q[2] ; clock      ; clock    ; None                        ; None                      ; 12.400 ns               ;
; N/A   ; 62.50 MHz ( period = 16.000 ns ) ; Register:B|q[2] ; Register:A|q[2] ; clock      ; clock    ; None                        ; None                      ; 12.400 ns               ;
; N/A   ; 65.36 MHz ( period = 15.300 ns ) ; Register:A|q[0] ; Register:A|q[3] ; clock      ; clock    ; None                        ; None                      ; 11.700 ns               ;
; N/A   ; 65.79 MHz ( period = 15.200 ns ) ; Register:A|q[1] ; Register:A|q[3] ; clock      ; clock    ; None                        ; None                      ; 11.600 ns               ;
; N/A   ; 67.11 MHz ( period = 14.900 ns ) ; Register:B|q[0] ; Register:A|q[2] ; clock      ; clock    ; None                        ; None                      ; 11.300 ns               ;
; N/A   ; 67.57 MHz ( period = 14.800 ns ) ; Register:B|q[1] ; Register:A|q[2] ; clock      ; clock    ; None                        ; None                      ; 11.200 ns               ;
; N/A   ; 68.03 MHz ( period = 14.700 ns ) ; Register:A|q[2] ; Register:A|q[3] ; clock      ; clock    ; None                        ; None                      ; 11.100 ns               ;
; N/A   ; 68.03 MHz ( period = 14.700 ns ) ; Register:B|q[2] ; Register:A|q[3] ; clock      ; clock    ; None                        ; None                      ; 11.100 ns               ;
; N/A   ; 68.97 MHz ( period = 14.500 ns ) ; Register:B|q[3] ; Register:A|q[3] ; clock      ; clock    ; None                        ; None                      ; 10.900 ns               ;
; N/A   ; 70.42 MHz ( period = 14.200 ns ) ; Register:A|q[3] ; Register:A|q[3] ; clock      ; clock    ; None                        ; None                      ; 10.600 ns               ;
; N/A   ; 72.99 MHz ( period = 13.700 ns ) ; Register:B|q[0] ; Register:A|q[3] ; clock      ; clock    ; None                        ; None                      ; 10.100 ns               ;
; N/A   ; 73.53 MHz ( period = 13.600 ns ) ; Register:B|q[1] ; Register:A|q[3] ; clock      ; clock    ; None                        ; None                      ; 10.000 ns               ;
+-------+----------------------------------+-----------------+-----------------+------------+----------+-----------------------------+---------------------------+-------------------------+


+-----------------------------------------------------------------------------+
; tsu                                                                         ;
+-------+--------------+------------+------------+-----------------+----------+
; Slack ; Required tsu ; Actual tsu ; From       ; To              ; To Clock ;
+-------+--------------+------------+------------+-----------------+----------+
; N/A   ; None         ; 14.400 ns  ; ALUCtrl[0] ; Register:A|q[0] ; clock    ;
; N/A   ; None         ; 12.200 ns  ; ALUCtrl[1] ; Register:A|q[0] ; clock    ;
; N/A   ; None         ; 12.200 ns  ; ALUCtrl[1] ; Register:A|q[1] ; clock    ;
; N/A   ; None         ; 12.100 ns  ; ALUCtrl[1] ; Register:A|q[2] ; clock    ;
; N/A   ; None         ; 11.400 ns  ; ALUCtrl[2] ; Register:A|q[1] ; clock    ;
; N/A   ; None         ; 11.300 ns  ; ALUCtrl[2] ; Register:A|q[2] ; clock    ;
; N/A   ; None         ; 10.600 ns  ; ALUCtrl[1] ; Register:A|q[3] ; clock    ;
; N/A   ; None         ; 9.800 ns   ; ALUCtrl[2] ; Register:A|q[3] ; clock    ;
; N/A   ; None         ; 7.900 ns   ; ALUCtrl[0] ; Register:A|q[2] ; clock    ;
; N/A   ; None         ; 7.700 ns   ; ALUCtrl[0] ; Register:A|q[1] ; clock    ;
; N/A   ; None         ; 6.400 ns   ; ALUCtrl[0] ; Register:A|q[3] ; clock    ;
; N/A   ; None         ; 6.100 ns   ; ALUCtrl[3] ; Register:A|q[0] ; clock    ;
; N/A   ; None         ; 4.700 ns   ; data[1]    ; Register:B|q[1] ; clock    ;
; N/A   ; None         ; 4.700 ns   ; data[3]    ; Register:B|q[3] ; clock    ;
; N/A   ; None         ; 4.700 ns   ; data[2]    ; Register:B|q[2] ; clock    ;
; N/A   ; None         ; 4.600 ns   ; data[0]    ; Register:B|q[0] ; clock    ;
; N/A   ; None         ; 3.700 ns   ; ALUCtrl[3] ; Register:A|q[1] ; clock    ;
; N/A   ; None         ; 3.700 ns   ; ALUCtrl[3] ; Register:A|q[2] ; clock    ;
; N/A   ; None         ; 3.700 ns   ; ALUCtrl[3] ; Register:A|q[3] ; clock    ;
; N/A   ; None         ; 3.700 ns   ; ALUCtrl[2] ; Register:A|q[0] ; clock    ;
+-------+--------------+------------+------------+-----------------+----------+


+------------------------------------------------------------------------------+
; tco                                                                          ;
+-------+--------------+------------+-----------------+-----------+------------+
; Slack ; Required tco ; Actual tco ; From            ; To        ; From Clock ;
+-------+--------------+------------+-----------------+-----------+------------+
; N/A   ; None         ; 14.100 ns  ; Register:A|q[3] ; result[3] ; clock      ;
; N/A   ; None         ; 13.500 ns  ; Register:A|q[1] ; result[1] ; clock      ;
; N/A   ; None         ; 13.300 ns  ; Register:A|q[0] ; result[0] ; clock      ;
; N/A   ; None         ; 13.200 ns  ; Register:A|q[2] ; result[2] ; clock      ;
+-------+--------------+------------+-----------------+-----------+------------+


+-----------------------------------------------------------------------------------+
; th                                                                                ;
+---------------+-------------+-----------+------------+-----------------+----------+
; Minimum Slack ; Required th ; Actual th ; From       ; To              ; To Clock ;
+---------------+-------------+-----------+------------+-----------------+----------+
; N/A           ; None        ; 0.400 ns  ; ALUCtrl[3] ; Register:A|q[0] ; clock    ;
; N/A           ; None        ; 0.400 ns  ; ALUCtrl[3] ; Register:A|q[1] ; clock    ;
; N/A           ; None        ; 0.400 ns  ; ALUCtrl[3] ; Register:A|q[2] ; clock    ;
; N/A           ; None        ; 0.400 ns  ; ALUCtrl[3] ; Register:A|q[3] ; clock    ;
; N/A           ; None        ; 0.400 ns  ; ALUCtrl[2] ; Register:A|q[0] ; clock    ;
; N/A           ; None        ; 0.400 ns  ; ALUCtrl[2] ; Register:A|q[1] ; clock    ;
; N/A           ; None        ; 0.400 ns  ; ALUCtrl[2] ; Register:A|q[2] ; clock    ;
; N/A           ; None        ; 0.400 ns  ; ALUCtrl[2] ; Register:A|q[3] ; clock    ;
; N/A           ; None        ; -0.500 ns ; data[0]    ; Register:B|q[0] ; clock    ;
; N/A           ; None        ; -0.600 ns ; data[1]    ; Register:B|q[1] ; clock    ;
; N/A           ; None        ; -0.600 ns ; data[3]    ; Register:B|q[3] ; clock    ;
; N/A           ; None        ; -0.600 ns ; data[2]    ; Register:B|q[2] ; clock    ;
; N/A           ; None        ; -2.200 ns ; ALUCtrl[1] ; Register:A|q[2] ; clock    ;
; N/A           ; None        ; -2.300 ns ; ALUCtrl[0] ; Register:A|q[3] ; clock    ;
; N/A           ; None        ; -2.400 ns ; ALUCtrl[0] ; Register:A|q[1] ; clock    ;
; N/A           ; None        ; -2.600 ns ; ALUCtrl[1] ; Register:A|q[3] ; clock    ;
; N/A           ; None        ; -2.800 ns ; ALUCtrl[1] ; Register:A|q[1] ; clock    ;
; N/A           ; None        ; -2.800 ns ; ALUCtrl[0] ; Register:A|q[2] ; clock    ;
; N/A           ; None        ; -4.600 ns ; ALUCtrl[0] ; Register:A|q[0] ; clock    ;
; N/A           ; None        ; -5.200 ns ; ALUCtrl[1] ; Register:A|q[0] ; clock    ;
+---------------+-------------+-----------+------------+-----------------+----------+


+--------------------------+
; Timing Analyzer Messages ;
+--------------------------+
Info: *******************************************************************
Info: Running Quartus II Classic Timing Analyzer
    Info: Version 9.0 Build 235 06/17/2009 Service Pack 2 SJ Web Edition
    Info: Processing started: Tue Jul 19 18:04:37 2022
Info: Command: quartus_tan --read_settings_files=off --write_settings_files=off registrador -c registrador
Info: Started post-fitting delay annotation
Info: Delay annotation completed successfully
Warning: Found pins functioning as undefined clocks and/or memory enables
    Info: Assuming node "clock" is an undefined clock
Info: Clock "clock" has Internal fmax of 44.25 MHz between source register "Register:A|q[1]" and destination register "Register:A|q[0]" (period= 22.6 ns)
    Info: + Longest register to register delay is 19.000 ns
        Info: 1: + IC(0.000 ns) + CELL(0.000 ns) = 0.000 ns; Loc. = LC8_C14; Fanout = 9; REG Node = 'Register:A|q[1]'
        Info: 2: + IC(2.500 ns) + CELL(2.300 ns) = 4.800 ns; Loc. = LC1_C15; Fanout = 2; COMB Node = 'ALU:AL|LessThan0~2'
        Info: 3: + IC(2.200 ns) + CELL(2.300 ns) = 9.300 ns; Loc. = LC4_C13; Fanout = 1; COMB Node = 'ALU:AL|LessThan0~3'
        Info: 4: + IC(0.600 ns) + CELL(2.300 ns) = 12.200 ns; Loc. = LC5_C13; Fanout = 1; COMB Node = 'ALU:AL|Mux3~6'
        Info: 5: + IC(0.600 ns) + CELL(2.300 ns) = 15.100 ns; Loc. = LC2_C13; Fanout = 1; COMB Node = 'ALU:AL|Mux3~7'
        Info: 6: + IC(2.200 ns) + CELL(1.700 ns) = 19.000 ns; Loc. = LC7_C14; Fanout = 9; REG Node = 'Register:A|q[0]'
        Info: Total cell delay = 10.900 ns ( 57.37 % )
        Info: Total interconnect delay = 8.100 ns ( 42.63 % )
    Info: - Smallest clock skew is 0.000 ns
        Info: + Shortest clock path from clock "clock" to destination register is 5.300 ns
            Info: 1: + IC(0.000 ns) + CELL(2.800 ns) = 2.800 ns; Loc. = PIN_91; Fanout = 8; CLK Node = 'clock'
            Info: 2: + IC(2.500 ns) + CELL(0.000 ns) = 5.300 ns; Loc. = LC7_C14; Fanout = 9; REG Node = 'Register:A|q[0]'
            Info: Total cell delay = 2.800 ns ( 52.83 % )
            Info: Total interconnect delay = 2.500 ns ( 47.17 % )
        Info: - Longest clock path from clock "clock" to source register is 5.300 ns
            Info: 1: + IC(0.000 ns) + CELL(2.800 ns) = 2.800 ns; Loc. = PIN_91; Fanout = 8; CLK Node = 'clock'
            Info: 2: + IC(2.500 ns) + CELL(0.000 ns) = 5.300 ns; Loc. = LC8_C14; Fanout = 9; REG Node = 'Register:A|q[1]'
            Info: Total cell delay = 2.800 ns ( 52.83 % )
            Info: Total interconnect delay = 2.500 ns ( 47.17 % )
    Info: + Micro clock to output delay of source is 1.100 ns
    Info: + Micro setup delay of destination is 2.500 ns
Info: tsu for register "Register:A|q[0]" (data pin = "ALUCtrl[0]", clock pin = "clock") is 14.400 ns
    Info: + Longest pin to register delay is 17.200 ns
        Info: 1: + IC(0.000 ns) + CELL(2.800 ns) = 2.800 ns; Loc. = PIN_210; Fanout = 12; PIN Node = 'ALUCtrl[0]'
        Info: 2: + IC(2.500 ns) + CELL(1.700 ns) = 7.000 ns; Loc. = LC6_C13; Fanout = 1; COMB Node = 'ALU:AL|Mux3~24'
        Info: 3: + IC(0.000 ns) + CELL(1.500 ns) = 8.500 ns; Loc. = LC7_C13; Fanout = 1; COMB Node = 'ALU:AL|Mux3~14'
        Info: 4: + IC(0.600 ns) + CELL(2.300 ns) = 11.400 ns; Loc. = LC1_C13; Fanout = 1; COMB Node = 'ALU:AL|Mux3~2'
        Info: 5: + IC(2.200 ns) + CELL(1.800 ns) = 15.400 ns; Loc. = LC5_C14; Fanout = 1; COMB Node = 'ALU:AL|Mux3~5'
        Info: 6: + IC(0.600 ns) + CELL(1.200 ns) = 17.200 ns; Loc. = LC7_C14; Fanout = 9; REG Node = 'Register:A|q[0]'
        Info: Total cell delay = 11.300 ns ( 65.70 % )
        Info: Total interconnect delay = 5.900 ns ( 34.30 % )
    Info: + Micro setup delay of destination is 2.500 ns
    Info: - Shortest clock path from clock "clock" to destination register is 5.300 ns
        Info: 1: + IC(0.000 ns) + CELL(2.800 ns) = 2.800 ns; Loc. = PIN_91; Fanout = 8; CLK Node = 'clock'
        Info: 2: + IC(2.500 ns) + CELL(0.000 ns) = 5.300 ns; Loc. = LC7_C14; Fanout = 9; REG Node = 'Register:A|q[0]'
        Info: Total cell delay = 2.800 ns ( 52.83 % )
        Info: Total interconnect delay = 2.500 ns ( 47.17 % )
Info: tco from clock "clock" to destination pin "result[3]" through register "Register:A|q[3]" is 14.100 ns
    Info: + Longest clock path from clock "clock" to source register is 5.300 ns
        Info: 1: + IC(0.000 ns) + CELL(2.800 ns) = 2.800 ns; Loc. = PIN_91; Fanout = 8; CLK Node = 'clock'
        Info: 2: + IC(2.500 ns) + CELL(0.000 ns) = 5.300 ns; Loc. = LC8_C18; Fanout = 7; REG Node = 'Register:A|q[3]'
        Info: Total cell delay = 2.800 ns ( 52.83 % )
        Info: Total interconnect delay = 2.500 ns ( 47.17 % )
    Info: + Micro clock to output delay of source is 1.100 ns
    Info: + Longest register to pin delay is 7.700 ns
        Info: 1: + IC(0.000 ns) + CELL(0.000 ns) = 0.000 ns; Loc. = LC8_C18; Fanout = 7; REG Node = 'Register:A|q[3]'
        Info: 2: + IC(2.600 ns) + CELL(5.100 ns) = 7.700 ns; Loc. = PIN_154; Fanout = 0; PIN Node = 'result[3]'
        Info: Total cell delay = 5.100 ns ( 66.23 % )
        Info: Total interconnect delay = 2.600 ns ( 33.77 % )
Info: th for register "Register:A|q[0]" (data pin = "ALUCtrl[3]", clock pin = "clock") is 0.400 ns
    Info: + Longest clock path from clock "clock" to destination register is 5.300 ns
        Info: 1: + IC(0.000 ns) + CELL(2.800 ns) = 2.800 ns; Loc. = PIN_91; Fanout = 8; CLK Node = 'clock'
        Info: 2: + IC(2.500 ns) + CELL(0.000 ns) = 5.300 ns; Loc. = LC7_C14; Fanout = 9; REG Node = 'Register:A|q[0]'
        Info: Total cell delay = 2.800 ns ( 52.83 % )
        Info: Total interconnect delay = 2.500 ns ( 47.17 % )
    Info: + Micro hold delay of destination is 1.600 ns
    Info: - Shortest pin to register delay is 6.500 ns
        Info: 1: + IC(0.000 ns) + CELL(2.800 ns) = 2.800 ns; Loc. = PIN_92; Fanout = 5; PIN Node = 'ALUCtrl[3]'
        Info: 2: + IC(2.000 ns) + CELL(1.700 ns) = 6.500 ns; Loc. = LC7_C14; Fanout = 9; REG Node = 'Register:A|q[0]'
        Info: Total cell delay = 4.500 ns ( 69.23 % )
        Info: Total interconnect delay = 2.000 ns ( 30.77 % )
Info: Quartus II Classic Timing Analyzer was successful. 0 errors, 1 warning
    Info: Peak virtual memory: 243 megabytes
    Info: Processing ended: Tue Jul 19 18:04:38 2022
    Info: Elapsed time: 00:00:01
    Info: Total CPU time (on all processors): 00:00:00


